<?xml version="1.0" encoding="UTF-8"?>
<!-- Generated by org.testng.reporters.JUnitXMLReporter -->
<testsuite ignored="0" hostname="LAPTOP-JKK04LM7" failures="0" tests="3" name="Default test" time="42.679" errors="0" timestamp="30 Jul 2025 17:18:48 GMT">
  <testcase classname="Framework.SeleniumRevision.Tests.ProductsOrderingTestNGV2" name="ItemCheckout" time="10.185"/>
  <testcase classname="Framework.SeleniumRevision.Tests.ProductsOrderingTestNGV2" name="ItemCheckout" time="10.964"/>
  <testcase classname="Framework.SeleniumRevision.Tests.ProductsOrderingTestNGV2" name="OrdersSectionValidation" time="3.921"/>
</testsuite> <!-- Default test -->
