<?xml version="1.0" encoding="UTF-8"?>
<!-- Generated by org.testng.reporters.JUnitXMLReporter -->
<testsuite ignored="0" hostname="LAPTOP-JKK04LM7" failures="1" tests="3" name="Error Scenarios" time="19.29" errors="0" timestamp="24 Aug 2025 08:49:17 GMT">
  <testcase classname="Framework.SeleniumRevision.Tests.ErrorVerifications" name="InvalidProductErrorSceanrio" time="6.641"/>
  <testcase classname="Framework.SeleniumRevision.Tests.ErrorVerifications" name="LoginErrorScenario" time="3.975">
    <skipped/>
  </testcase> <!-- LoginErrorScenario -->
  <testcase classname="Framework.SeleniumRevision.Tests.ErrorVerifications" name="LoginErrorScenario" time="3.078">
    <failure type="java.lang.AssertionError" message="expected [Inorrect email or password.] but found [Incorrect email or password.]">
      <![CDATA[java.lang.AssertionError: expected [Inorrect email or password.] but found [Incorrect email or password.]
at Framework.SeleniumRevision.Tests.ErrorVerifications.LoginErrorScenario(ErrorVerifications.java:25)
... Removed 31 stack frames]]>
    </failure>
  </testcase> <!-- LoginErrorScenario -->
</testsuite> <!-- Error Scenarios -->
