<?xml version="1.0" encoding="UTF-8"?>
<!-- Generated by org.testng.reporters.JUnitXMLReporter -->
<testsuite ignored="0" hostname="LAPTOP-JKK04LM7" failures="0" tests="3" name="Valid Scenario" time="32.377" errors="0" timestamp="24 Aug 2025 08:48:57 GMT">
  <testcase classname="Framework.SeleniumRevision.Tests.ProductsOrderingTestNGV2" name="ItemCheckout" time="9.092"/>
  <testcase classname="Framework.SeleniumRevision.Tests.ProductsOrderingTestNGV2" name="ItemCheckout" time="9.802"/>
  <testcase classname="Framework.SeleniumRevision.Tests.ProductsOrderingTestNGV2" name="OrdersSectionValidation" time="8.092"/>
</testsuite> <!-- Valid Scenario -->
